6502 Machine Emulator v20140425
initializing ...
 PC: $0000
 SP: #FF
 FLAGS: N=0 V=0 -=1 B=0 D=0 I=0 Z=0 C=0 
 A: #00
 X: #00
 Y: #00
 total cycles: 0

Loading ROMs...
  16 bytes loaded at $0010
   2 bytes loaded at $0020
  78 bytes loaded at $0030
  28 bytes loaded at $F000
 149 bytes loaded at $D000

:D000 A9 00     LDA #00         ; A:00 X:00 Y:00 S:FF FLAGS:00100010
:D002 48        PHA             ; A:00 X:00 Y:00 S:FE FLAGS:00100010
:D003 A9 01     LDA #01         ; A:01 X:00 Y:00 S:FE FLAGS:00100000
:D005 48        PHA             ; A:01 X:00 Y:00 S:FD FLAGS:00100000
:D006 68        PLA             ; A:01 X:00 Y:00 S:FE FLAGS:00100000
:D007 85 20     STA $20         ; A:01 X:00 Y:00 S:FE FLAGS:00100000
:D009 68        PLA             ; A:00 X:00 Y:00 S:FF FLAGS:00100010
:D00A 85 21     STA $21         ; A:00 X:00 Y:00 S:FF FLAGS:00100010
:D00C A2 00     LDX #00         ; A:00 X:00 Y:00 S:FF FLAGS:00100010
:D00E E8        INX             ; A:00 X:01 Y:00 S:FF FLAGS:00100000
:D00F E8        INX             ; A:00 X:02 Y:00 S:FF FLAGS:00100000
:D010 A5 21     LDA $21         ; A:00 X:02 Y:00 S:FF FLAGS:00100010
:D012 95 30     STA $30,X       ; A:00 X:02 Y:00 S:FF FLAGS:00100010
:D014 48        PHA             ; A:00 X:02 Y:00 S:FE FLAGS:00100010
:D015 CA        DEX             ; A:00 X:01 Y:00 S:FE FLAGS:00100000
:D016 A5 20     LDA $20         ; A:01 X:01 Y:00 S:FE FLAGS:00100000
:D018 95 30     STA $30,X       ; A:01 X:01 Y:00 S:FE FLAGS:00100000
:D01A 48        PHA             ; A:01 X:01 Y:00 S:FD FLAGS:00100000
:D01B 68        PLA             ; A:01 X:01 Y:00 S:FE FLAGS:00100000
:D01C 85 FE     STA $FE         ; A:01 X:01 Y:00 S:FE FLAGS:00100000
:D01E 68        PLA             ; A:00 X:01 Y:00 S:FF FLAGS:00100010
:D01F 85 FF     STA $FF         ; A:00 X:01 Y:00 S:FF FLAGS:00100010
=> 1
:D021 85 FD     STA $FD         ; A:00 X:01 Y:00 S:FF FLAGS:00100010
:D023 A9 04     LDA #04         ; A:04 X:01 Y:00 S:FF FLAGS:00100000
:D025 48        PHA             ; A:04 X:01 Y:00 S:FE FLAGS:00100000
:D026 A9 D2     LDA #D2         ; A:D2 X:01 Y:00 S:FE FLAGS:10100000
:D028 48        PHA             ; A:D2 X:01 Y:00 S:FD FLAGS:10100000
:D029 68        PLA             ; A:D2 X:01 Y:00 S:FE FLAGS:10100000
:D02A 85 20     STA $20         ; A:D2 X:01 Y:00 S:FE FLAGS:10100000
:D02C 68        PLA             ; A:04 X:01 Y:00 S:FF FLAGS:00100000
:D02D 85 21     STA $21         ; A:04 X:01 Y:00 S:FF FLAGS:00100000
:D02F A2 03     LDX #03         ; A:04 X:03 Y:00 S:FF FLAGS:00100000
:D031 E8        INX             ; A:04 X:04 Y:00 S:FF FLAGS:00100000
:D032 E8        INX             ; A:04 X:05 Y:00 S:FF FLAGS:00100000
:D033 A5 21     LDA $21         ; A:04 X:05 Y:00 S:FF FLAGS:00100000
:D035 95 30     STA $30,X       ; A:04 X:05 Y:00 S:FF FLAGS:00100000
:D037 48        PHA             ; A:04 X:05 Y:00 S:FE FLAGS:00100000
:D038 CA        DEX             ; A:04 X:04 Y:00 S:FE FLAGS:00100000
:D039 A5 20     LDA $20         ; A:D2 X:04 Y:00 S:FE FLAGS:10100000
:D03B 95 30     STA $30,X       ; A:D2 X:04 Y:00 S:FE FLAGS:10100000
:D03D 48        PHA             ; A:D2 X:04 Y:00 S:FD FLAGS:10100000
:D03E 68        PLA             ; A:D2 X:04 Y:00 S:FE FLAGS:10100000
:D03F 85 FE     STA $FE         ; A:D2 X:04 Y:00 S:FE FLAGS:10100000
:D041 68        PLA             ; A:04 X:04 Y:00 S:FF FLAGS:00100000
:D042 85 FF     STA $FF         ; A:04 X:04 Y:00 S:FF FLAGS:00100000
=> 1234
:D044 85 FD     STA $FD         ; A:04 X:04 Y:00 S:FF FLAGS:00100000
:D046 A2 00     LDX #00         ; A:04 X:00 Y:00 S:FF FLAGS:00100010
:D048 E8        INX             ; A:04 X:01 Y:00 S:FF FLAGS:00100000
:D049 E8        INX             ; A:04 X:02 Y:00 S:FF FLAGS:00100000
:D04A B5 30     LDA $30,X       ; A:00 X:02 Y:00 S:FF FLAGS:00100010
:D04C 48        PHA             ; A:00 X:02 Y:00 S:FE FLAGS:00100010
:D04D CA        DEX             ; A:00 X:01 Y:00 S:FE FLAGS:00100000
:D04E B5 30     LDA $30,X       ; A:01 X:01 Y:00 S:FE FLAGS:00100000
:D050 48        PHA             ; A:01 X:01 Y:00 S:FD FLAGS:00100000
:D051 A2 03     LDX #03         ; A:01 X:03 Y:00 S:FD FLAGS:00100000
:D053 E8        INX             ; A:01 X:04 Y:00 S:FD FLAGS:00100000
:D054 E8        INX             ; A:01 X:05 Y:00 S:FD FLAGS:00100000
:D055 B5 30     LDA $30,X       ; A:04 X:05 Y:00 S:FD FLAGS:00100000
:D057 48        PHA             ; A:04 X:05 Y:00 S:FC FLAGS:00100000
:D058 CA        DEX             ; A:04 X:04 Y:00 S:FC FLAGS:00100000
:D059 B5 30     LDA $30,X       ; A:D2 X:04 Y:00 S:FC FLAGS:10100000
:D05B 48        PHA             ; A:D2 X:04 Y:00 S:FB FLAGS:10100000
:D05C A9 00     LDA #00         ; A:00 X:04 Y:00 S:FB FLAGS:00100010
:D05E 48        PHA             ; A:00 X:04 Y:00 S:FA FLAGS:00100010
:D05F A9 14     LDA #14         ; A:14 X:04 Y:00 S:FA FLAGS:00100000
:D061 48        PHA             ; A:14 X:04 Y:00 S:F9 FLAGS:00100000
:D062 68        PLA             ; A:14 X:04 Y:00 S:FA FLAGS:00100000
:D063 85 12     STA $12         ; A:14 X:04 Y:00 S:FA FLAGS:00100000
:D065 68        PLA             ; A:00 X:04 Y:00 S:FB FLAGS:00100010
:D066 85 13     STA $13         ; A:00 X:04 Y:00 S:FB FLAGS:00100010
:D068 68        PLA             ; A:D2 X:04 Y:00 S:FC FLAGS:10100000
:D069 85 10     STA $10         ; A:D2 X:04 Y:00 S:FC FLAGS:10100000
:D06B 68        PLA             ; A:04 X:04 Y:00 S:FD FLAGS:00100000
:D06C 85 11     STA $11         ; A:04 X:04 Y:00 S:FD FLAGS:00100000
:D06E 20 0E F0  JSR $F00E       ; A:04 X:04 Y:00 S:FB FLAGS:00100000
:F00E 38        SEC             ; A:04 X:04 Y:00 S:FB FLAGS:00100001
:F00F A5 10     LDA $10         ; A:D2 X:04 Y:00 S:FB FLAGS:10100001
:F011 E5 12     SBC $12         ; A:BE X:04 Y:00 S:FB FLAGS:10100001
:F013 85 14     STA $14         ; A:BE X:04 Y:00 S:FB FLAGS:10100001
:F015 A5 11     LDA $11         ; A:04 X:04 Y:00 S:FB FLAGS:00100001
:F017 E5 13     SBC $13         ; A:04 X:04 Y:00 S:FB FLAGS:00100001
:F019 85 15     STA $15         ; A:04 X:04 Y:00 S:FB FLAGS:00100001
:F01B 60        RTS             ; A:04 X:04 Y:00 S:FD FLAGS:00100001
:D071 A5 15     LDA $15         ; A:04 X:04 Y:00 S:FD FLAGS:00100001
:D073 48        PHA             ; A:04 X:04 Y:00 S:FC FLAGS:00100001
:D074 A5 14     LDA $14         ; A:BE X:04 Y:00 S:FC FLAGS:10100001
:D076 48        PHA             ; A:BE X:04 Y:00 S:FB FLAGS:10100001
:D077 68        PLA             ; A:BE X:04 Y:00 S:FC FLAGS:10100001
:D078 85 12     STA $12         ; A:BE X:04 Y:00 S:FC FLAGS:10100001
:D07A 68        PLA             ; A:04 X:04 Y:00 S:FD FLAGS:00100001
:D07B 85 13     STA $13         ; A:04 X:04 Y:00 S:FD FLAGS:00100001
:D07D 68        PLA             ; A:01 X:04 Y:00 S:FE FLAGS:00100001
:D07E 85 10     STA $10         ; A:01 X:04 Y:00 S:FE FLAGS:00100001
:D080 68        PLA             ; A:00 X:04 Y:00 S:FF FLAGS:00100011
:D081 85 11     STA $11         ; A:00 X:04 Y:00 S:FF FLAGS:00100011
:D083 20 00 F0  JSR $F000       ; A:00 X:04 Y:00 S:FD FLAGS:00100011
:F000 18        CLC             ; A:00 X:04 Y:00 S:FD FLAGS:00100010
:F001 A5 10     LDA $10         ; A:01 X:04 Y:00 S:FD FLAGS:00100000
:F003 65 12     ADC $12         ; A:BF X:04 Y:00 S:FD FLAGS:10100000
:F005 85 14     STA $14         ; A:BF X:04 Y:00 S:FD FLAGS:10100000
:F007 A5 11     LDA $11         ; A:00 X:04 Y:00 S:FD FLAGS:00100010
:F009 65 13     ADC $13         ; A:04 X:04 Y:00 S:FD FLAGS:00100000
:F00B 85 15     STA $15         ; A:04 X:04 Y:00 S:FD FLAGS:00100000
:F00D 60        RTS             ; A:04 X:04 Y:00 S:FF FLAGS:00100000
:D086 A5 15     LDA $15         ; A:04 X:04 Y:00 S:FF FLAGS:00100000
:D088 48        PHA             ; A:04 X:04 Y:00 S:FE FLAGS:00100000
:D089 A5 14     LDA $14         ; A:BF X:04 Y:00 S:FE FLAGS:10100000
:D08B 48        PHA             ; A:BF X:04 Y:00 S:FD FLAGS:10100000
:D08C 68        PLA             ; A:BF X:04 Y:00 S:FE FLAGS:10100000
:D08D 85 FE     STA $FE         ; A:BF X:04 Y:00 S:FE FLAGS:10100000
:D08F 68        PLA             ; A:04 X:04 Y:00 S:FF FLAGS:00100000
:D090 85 FF     STA $FF         ; A:04 X:04 Y:00 S:FF FLAGS:00100000
=> 1215
:D092 85 FD     STA $FD         ; A:04 X:04 Y:00 S:FF FLAGS:00100000
:D094 02        HLT             ; A:04 X:04 Y:00 S:FF FLAGS:00100000
Run Cycles: 353 / Epoch Cycles: 353
